<?xml version="1.0" encoding="UTF-8"?>
<!-- Generated by org.testng.reporters.JUnitXMLReporter -->
<testsuite ignored="11" hostname="IN-PG0352T2" failures="0" tests="1" name="Default test" time="4.944" errors="0" timestamp="2024-12-24T23:32:50 IST">
  <testcase classname="com.nagarro.tests.HomePageTest" name="testSearchBoxPlaceholderText" time="2.039"/>
  <testcase classname="com.nagarro.tests.HomePageTest" name="testFlipkartLogoVisibility" time="0.0">
    <ignored/>
  </testcase> <!-- testFlipkartLogoVisibility -->
  <testcase classname="com.nagarro.tests.HomePageTest" name="testAdvertiseLink" time="0.0">
    <ignored/>
  </testcase> <!-- testAdvertiseLink -->
  <testcase classname="com.nagarro.tests.HomePageTest" name="testGiftCardsLink" time="0.0">
    <ignored/>
  </testcase> <!-- testGiftCardsLink -->
  <testcase classname="com.nagarro.tests.HomePageTest" name="testCartButtonVisibility" time="0.0">
    <ignored/>
  </testcase> <!-- testCartButtonVisibility -->
  <testcase classname="com.nagarro.tests.HomePageTest" name="testAddToCartFunctionality" time="0.0">
    <ignored/>
  </testcase> <!-- testAddToCartFunctionality -->
  <testcase classname="com.nagarro.tests.HomePageTest" name="testCustomerCareLink" time="0.0">
    <ignored/>
  </testcase> <!-- testCustomerCareLink -->
  <testcase classname="com.nagarro.tests.HomePageTest" name="testNavigateToElectronicsCategory" time="0.0">
    <ignored/>
  </testcase> <!-- testNavigateToElectronicsCategory -->
  <testcase classname="com.nagarro.tests.HomePageTest" name="testBecomeSellerLink" time="0.0">
    <ignored/>
  </testcase> <!-- testBecomeSellerLink -->
  <testcase classname="com.nagarro.tests.HomePageTest" name="testRoundTripOption" time="0.0">
    <ignored/>
  </testcase> <!-- testRoundTripOption -->
  <testcase classname="com.nagarro.tests.HomePageTest" name="testFooterLinksVisibility" time="0.0">
    <ignored/>
  </testcase> <!-- testFooterLinksVisibility -->
  <testcase classname="com.nagarro.tests.HomePageTest" name="testTermsOfUseLink" time="0.0">
    <ignored/>
  </testcase> <!-- testTermsOfUseLink -->
</testsuite> <!-- Default test -->
