<?xml version="1.0" encoding="UTF-8"?>
<!-- Generated by org.testng.reporters.JUnitXMLReporter -->
<testsuite ignored="8" hostname="IN-PG0352T2" failures="0" tests="20" name="Test" time="117.956" errors="0" timestamp="2024-12-24T23:36:36 IST">
  <testcase classname="com.nagarro.tests.HomePageTest" name="testCartButtonVisibility" time="2.438"/>
  <testcase classname="com.nagarro.tests.HomePageTest" name="testNavigateToElectronicsCategory" time="2.33"/>
  <testcase classname="com.nagarro.tests.HomePageTest" name="testBecomeSellerLink" time="6.901"/>
  <testcase classname="com.nagarro.tests.HomePageTest" name="testFlipkartLogoVisibility" time="2.073"/>
  <testcase classname="com.nagarro.tests.HomePageTest" name="testFooterLinksVisibility" time="2.098"/>
  <testcase classname="com.nagarro.tests.HomePageTest" name="testAddToCartFunctionality" time="8.28"/>
  <testcase classname="com.nagarro.tests.HomePageTest" name="testSearchBoxPlaceholderText" time="2.122"/>
  <testcase classname="com.nagarro.tests.HomePageTest" name="testCustomerCareLink" time="3.144"/>
  <testcase classname="com.nagarro.tests.HomePageTest" name="testAdvertiseLink" time="3.904"/>
  <testcase classname="com.nagarro.tests.HomePageTest" name="testRoundTripOption" time="5.936"/>
  <testcase classname="com.nagarro.tests.HomePageTest" name="testTermsOfUseLink" time="2.912"/>
  <testcase classname="com.nagarro.tests.HomePageTest" name="testGiftCardsLink" time="3.463"/>
  <testcase classname="com.nagarro.tests.SearchTest" name="testDeliveryForInvalidPincode" time="7.385"/>
  <testcase classname="com.nagarro.tests.SearchTest" name="testDeliveryForValidPincode" time="7.423"/>
  <testcase classname="com.nagarro.tests.SearchTest" name="testInvalidSearchProduct" time="4.008"/>
  <testcase classname="com.nagarro.tests.SearchTest" name="testSearchProduct" time="4.353"/>
  <testcase classname="com.nagarro.tests.LoginTest" name="createAccountTest" time="3.646"/>
  <testcase classname="com.nagarro.tests.LoginTest" name="invalidLoginTest" time="2.886"/>
  <testcase classname="com.nagarro.tests.LoginTest" name="validLoginTest" time="8.719"/>
  <testcase classname="com.nagarro.tests.GroceryPageTest" name="testProductSearch" time="4.028"/>
  <testcase classname="com.nagarro.base.BaseTest" name="@BeforeSuite setupExtentReports" time="0.0">
    <ignored/>
  </testcase> <!-- @BeforeSuite setupExtentReports -->
  <testcase classname="com.nagarro.base.BaseTest" name="@BeforeSuite setupExtentReports" time="0.0">
    <ignored/>
  </testcase> <!-- @BeforeSuite setupExtentReports -->
  <testcase classname="com.nagarro.base.BaseTest" name="@AfterSuite tearDownExtentReports" time="0.0">
    <ignored/>
  </testcase> <!-- @AfterSuite tearDownExtentReports -->
  <testcase classname="com.nagarro.base.BaseTest" name="@BeforeSuite setupExtentReports" time="0.0">
    <ignored/>
  </testcase> <!-- @BeforeSuite setupExtentReports -->
  <testcase classname="com.nagarro.base.BaseTest" name="@BeforeSuite setupExtentReports" time="0.0">
    <ignored/>
  </testcase> <!-- @BeforeSuite setupExtentReports -->
  <testcase classname="com.nagarro.base.BaseTest" name="@AfterSuite tearDownExtentReports" time="0.0">
    <ignored/>
  </testcase> <!-- @AfterSuite tearDownExtentReports -->
  <testcase classname="com.nagarro.base.BaseTest" name="@AfterSuite tearDownExtentReports" time="0.0">
    <ignored/>
  </testcase> <!-- @AfterSuite tearDownExtentReports -->
  <testcase classname="com.nagarro.base.BaseTest" name="@AfterSuite tearDownExtentReports" time="0.0">
    <ignored/>
  </testcase> <!-- @AfterSuite tearDownExtentReports -->
</testsuite> <!-- Test -->
